2025-06-25 13:01:17,205 - INFO - 开始运行测试...
2025-06-25 13:01:17,205 - INFO - 运行测试: 配置加载
2025-06-25 13:01:17,205 - INFO - 测试配置加载...
2025-06-25 13:01:17,205 - INFO - 目标省份: ['北京', '上海', '广东', '江苏', '浙江', '山东', '河南', '四川', '湖北', '湖南']
2025-06-25 13:01:17,205 - INFO - 目标年份: [2020, 2021, 2022, 2023]
2025-06-25 13:01:17,205 - INFO - 阳光高考URL: https://gaokao.chsi.com.cn
2025-06-25 13:01:17,205 - INFO - ✓ 配置加载 测试通过
2025-06-25 13:01:17,205 - INFO - 运行测试: User-Agent生成
2025-06-25 13:01:17,205 - INFO - 测试User-Agent生成...
2025-06-25 13:01:17,233 - INFO - 生成的User-Agent: Mozilla/5.0 (iPhone; CPU iPhone OS 18_1_1 like Mac OS X) AppleWebKit/605.1.15 (KHTML, like Gecko) Version/18.1.1 Mobile/15E148 Safari/604.1
2025-06-25 13:01:17,233 - INFO - ✓ User-Agent生成 测试通过
2025-06-25 13:01:17,233 - INFO - 运行测试: 数据清洗
2025-06-25 13:01:17,233 - INFO - 测试数据清洗功能...
2025-06-25 13:01:17,233 - INFO - 开始标准化字段: school
2025-06-25 13:01:17,235 - INFO - 字段 school 标准化完成
2025-06-25 13:01:17,235 - INFO - 名称标准化结果: ['北京大学', '清华大学', '复旦大学', '北京大学']
2025-06-25 13:01:17,235 - INFO - 开始清理省份名称...
2025-06-25 13:01:17,235 - INFO - 省份名称清理完成
2025-06-25 13:01:17,235 - INFO - 省份名称清理结果: ['北京', '上海', '广东', '浙江']
2025-06-25 13:01:17,235 - INFO - ✓ 数据清洗 测试通过
2025-06-25 13:01:17,235 - INFO - 运行测试: 数据转换
2025-06-25 13:01:17,235 - INFO - 测试数据转换功能...
2025-06-25 13:01:17,236 - INFO - 转换为标准输出格式...
2025-06-25 13:01:17,236 - INFO - 标准格式转换结果: 2 条记录
2025-06-25 13:01:17,236 - INFO - ✓ 数据转换 测试通过
2025-06-25 13:01:17,236 - INFO - 测试完成: 4/4 通过
2025-06-25 13:01:17,236 - INFO - 所有测试通过！系统准备就绪。
2025-06-25 16:10:27,480 - INFO - ==================================================
2025-06-25 16:10:27,480 - INFO - 高考数据采集与清洗流程启动
2025-06-25 16:10:27,480 - INFO - ==================================================
2025-06-25 16:10:27,480 - INFO - 【阶段1】开始爬取原始数据...
2025-06-25 16:10:27,480 - INFO - 启动阳光高考平台数据爬取...
2025-06-25 16:10:27,480 - INFO - 开始爬取院校库...
2025-06-25 16:10:27,480 - INFO - 开始爬取阳光高考院校库...
2025-06-25 16:10:27,498 - INFO - 正在爬取第 1 页院校数据...
2025-06-25 16:10:27,811 - INFO - 第 1 页未找到院校数据，可能已到达最后一页
2025-06-25 16:10:27,812 - INFO - 院校库爬取完成，共获取 0 所院校信息
2025-06-25 16:10:27,812 - INFO - 开始爬取专业库...
2025-06-25 16:10:27,812 - INFO - 开始爬取阳光高考专业库...
2025-06-25 16:10:27,812 - INFO - 正在爬取 工学 类专业...
2025-06-25 16:10:31,439 - INFO - 正在爬取 理学 类专业...
2025-06-25 16:10:35,996 - INFO - 正在爬取 文学 类专业...
2025-06-25 16:10:41,441 - INFO - 正在爬取 经济学 类专业...
2025-06-25 16:10:46,875 - INFO - 正在爬取 医学 类专业...
2025-06-25 16:10:52,717 - INFO - 正在爬取 其他 类专业...
2025-06-25 16:10:56,202 - INFO - 专业库爬取完成，共获取 0 个专业信息
2025-06-25 16:10:56,203 - INFO - 开始爬取历年分数线...
2025-06-25 16:10:56,203 - INFO - 开始爬取 2020 年 北京 的历年分数线...
2025-06-25 16:10:56,359 - ERROR - 北京-2020 分数线爬取失败: 404 Client Error: Not Found for url: https://gaokao.chsi.com.cn/lqfs/search.do?year=2020&ssdm=11
2025-06-25 16:10:56,360 - INFO - 开始爬取 2020 年 上海 的历年分数线...
2025-06-25 16:10:56,495 - ERROR - 上海-2020 分数线爬取失败: 404 Client Error: Not Found for url: https://gaokao.chsi.com.cn/lqfs/search.do?year=2020&ssdm=31
2025-06-25 16:10:56,495 - INFO - 开始爬取 2020 年 广东 的历年分数线...
2025-06-25 16:10:56,757 - ERROR - 广东-2020 分数线爬取失败: 404 Client Error: Not Found for url: https://gaokao.chsi.com.cn/lqfs/search.do?year=2020&ssdm=44
2025-06-25 16:10:56,757 - INFO - 开始爬取 2020 年 江苏 的历年分数线...
2025-06-25 16:10:56,921 - ERROR - 江苏-2020 分数线爬取失败: 404 Client Error: Not Found for url: https://gaokao.chsi.com.cn/lqfs/search.do?year=2020&ssdm=32
2025-06-25 16:10:56,922 - INFO - 开始爬取 2020 年 浙江 的历年分数线...
2025-06-25 16:10:57,558 - ERROR - 浙江-2020 分数线爬取失败: 404 Client Error: Not Found for url: https://gaokao.chsi.com.cn/lqfs/search.do?year=2020&ssdm=33
2025-06-25 16:10:57,558 - INFO - 开始爬取 2020 年 山东 的历年分数线...
2025-06-25 16:10:58,077 - ERROR - 山东-2020 分数线爬取失败: 404 Client Error: Not Found for url: https://gaokao.chsi.com.cn/lqfs/search.do?year=2020&ssdm=37
2025-06-25 16:10:58,077 - INFO - 开始爬取 2020 年 河南 的历年分数线...
2025-06-25 16:10:59,634 - ERROR - 河南-2020 分数线爬取失败: 404 Client Error: Not Found for url: https://gaokao.chsi.com.cn/lqfs/search.do?year=2020&ssdm=41
2025-06-25 16:10:59,635 - INFO - 开始爬取 2020 年 四川 的历年分数线...
2025-06-25 16:11:00,166 - ERROR - 四川-2020 分数线爬取失败: 404 Client Error: Not Found for url: https://gaokao.chsi.com.cn/lqfs/search.do?year=2020&ssdm=51
2025-06-25 16:11:00,166 - INFO - 开始爬取 2020 年 湖北 的历年分数线...
2025-06-25 16:11:01,734 - ERROR - 湖北-2020 分数线爬取失败: 404 Client Error: Not Found for url: https://gaokao.chsi.com.cn/lqfs/search.do?year=2020&ssdm=42
2025-06-25 16:11:01,734 - INFO - 开始爬取 2020 年 湖南 的历年分数线...
2025-06-25 16:11:02,232 - ERROR - 湖南-2020 分数线爬取失败: 404 Client Error: Not Found for url: https://gaokao.chsi.com.cn/lqfs/search.do?year=2020&ssdm=43
2025-06-25 16:11:02,232 - INFO - 开始爬取 2021 年 北京 的历年分数线...
2025-06-25 16:11:02,790 - ERROR - 北京-2021 分数线爬取失败: 404 Client Error: Not Found for url: https://gaokao.chsi.com.cn/lqfs/search.do?year=2021&ssdm=11
2025-06-25 16:11:02,791 - INFO - 开始爬取 2021 年 上海 的历年分数线...
2025-06-25 16:11:03,134 - ERROR - 上海-2021 分数线爬取失败: 404 Client Error: Not Found for url: https://gaokao.chsi.com.cn/lqfs/search.do?year=2021&ssdm=31
2025-06-25 16:11:03,135 - INFO - 开始爬取 2021 年 广东 的历年分数线...
2025-06-25 16:11:03,393 - ERROR - 广东-2021 分数线爬取失败: 404 Client Error: Not Found for url: https://gaokao.chsi.com.cn/lqfs/search.do?year=2021&ssdm=44
2025-06-25 16:11:03,394 - INFO - 开始爬取 2021 年 江苏 的历年分数线...
2025-06-25 16:11:03,653 - ERROR - 江苏-2021 分数线爬取失败: 404 Client Error: Not Found for url: https://gaokao.chsi.com.cn/lqfs/search.do?year=2021&ssdm=32
2025-06-25 16:11:03,653 - INFO - 开始爬取 2021 年 浙江 的历年分数线...
2025-06-25 16:11:04,191 - ERROR - 浙江-2021 分数线爬取失败: 404 Client Error: Not Found for url: https://gaokao.chsi.com.cn/lqfs/search.do?year=2021&ssdm=33
2025-06-25 16:11:04,192 - INFO - 开始爬取 2021 年 山东 的历年分数线...
2025-06-25 16:11:04,489 - ERROR - 山东-2021 分数线爬取失败: 404 Client Error: Not Found for url: https://gaokao.chsi.com.cn/lqfs/search.do?year=2021&ssdm=37
2025-06-25 16:11:04,490 - INFO - 开始爬取 2021 年 河南 的历年分数线...
2025-06-25 16:11:04,880 - ERROR - 河南-2021 分数线爬取失败: 404 Client Error: Not Found for url: https://gaokao.chsi.com.cn/lqfs/search.do?year=2021&ssdm=41
2025-06-25 16:11:04,881 - INFO - 开始爬取 2021 年 四川 的历年分数线...
2025-06-25 16:11:05,135 - ERROR - 四川-2021 分数线爬取失败: 404 Client Error: Not Found for url: https://gaokao.chsi.com.cn/lqfs/search.do?year=2021&ssdm=51
2025-06-25 16:11:05,136 - INFO - 开始爬取 2021 年 湖北 的历年分数线...
2025-06-25 16:11:05,396 - ERROR - 湖北-2021 分数线爬取失败: 404 Client Error: Not Found for url: https://gaokao.chsi.com.cn/lqfs/search.do?year=2021&ssdm=42
2025-06-25 16:11:05,397 - INFO - 开始爬取 2021 年 湖南 的历年分数线...
2025-06-25 16:11:05,560 - ERROR - 湖南-2021 分数线爬取失败: 404 Client Error: Not Found for url: https://gaokao.chsi.com.cn/lqfs/search.do?year=2021&ssdm=43
2025-06-25 16:11:05,561 - INFO - 开始爬取 2022 年 北京 的历年分数线...
2025-06-25 16:11:05,940 - ERROR - 北京-2022 分数线爬取失败: 404 Client Error: Not Found for url: https://gaokao.chsi.com.cn/lqfs/search.do?year=2022&ssdm=11
2025-06-25 16:11:05,940 - INFO - 开始爬取 2022 年 上海 的历年分数线...
2025-06-25 16:11:06,084 - ERROR - 上海-2022 分数线爬取失败: 404 Client Error: Not Found for url: https://gaokao.chsi.com.cn/lqfs/search.do?year=2022&ssdm=31
2025-06-25 16:11:06,084 - INFO - 开始爬取 2022 年 广东 的历年分数线...
2025-06-25 16:11:06,377 - ERROR - 广东-2022 分数线爬取失败: 404 Client Error: Not Found for url: https://gaokao.chsi.com.cn/lqfs/search.do?year=2022&ssdm=44
2025-06-25 16:11:06,378 - INFO - 开始爬取 2022 年 江苏 的历年分数线...
2025-06-25 16:11:06,709 - ERROR - 江苏-2022 分数线爬取失败: 404 Client Error: Not Found for url: https://gaokao.chsi.com.cn/lqfs/search.do?year=2022&ssdm=32
2025-06-25 16:11:06,710 - INFO - 开始爬取 2022 年 浙江 的历年分数线...
2025-06-25 16:11:06,936 - ERROR - 浙江-2022 分数线爬取失败: 404 Client Error: Not Found for url: https://gaokao.chsi.com.cn/lqfs/search.do?year=2022&ssdm=33
2025-06-25 16:11:06,937 - INFO - 开始爬取 2022 年 山东 的历年分数线...
2025-06-25 16:11:07,111 - ERROR - 山东-2022 分数线爬取失败: 404 Client Error: Not Found for url: https://gaokao.chsi.com.cn/lqfs/search.do?year=2022&ssdm=37
2025-06-25 16:11:07,112 - INFO - 开始爬取 2022 年 河南 的历年分数线...
2025-06-25 16:11:07,504 - ERROR - 河南-2022 分数线爬取失败: 404 Client Error: Not Found for url: https://gaokao.chsi.com.cn/lqfs/search.do?year=2022&ssdm=41
2025-06-25 16:11:07,504 - INFO - 开始爬取 2022 年 四川 的历年分数线...
2025-06-25 16:11:07,758 - ERROR - 四川-2022 分数线爬取失败: 404 Client Error: Not Found for url: https://gaokao.chsi.com.cn/lqfs/search.do?year=2022&ssdm=51
2025-06-25 16:11:07,759 - INFO - 开始爬取 2022 年 湖北 的历年分数线...
2025-06-25 16:11:08,096 - ERROR - 湖北-2022 分数线爬取失败: 404 Client Error: Not Found for url: https://gaokao.chsi.com.cn/lqfs/search.do?year=2022&ssdm=42
2025-06-25 16:11:08,097 - INFO - 开始爬取 2022 年 湖南 的历年分数线...
2025-06-25 16:11:08,339 - ERROR - 湖南-2022 分数线爬取失败: 404 Client Error: Not Found for url: https://gaokao.chsi.com.cn/lqfs/search.do?year=2022&ssdm=43
2025-06-25 16:11:08,339 - INFO - 开始爬取 2023 年 北京 的历年分数线...
2025-06-25 16:11:08,560 - ERROR - 北京-2023 分数线爬取失败: 404 Client Error: Not Found for url: https://gaokao.chsi.com.cn/lqfs/search.do?year=2023&ssdm=11
2025-06-25 16:11:08,561 - INFO - 开始爬取 2023 年 上海 的历年分数线...
2025-06-25 16:11:08,806 - ERROR - 上海-2023 分数线爬取失败: 404 Client Error: Not Found for url: https://gaokao.chsi.com.cn/lqfs/search.do?year=2023&ssdm=31
2025-06-25 16:11:08,807 - INFO - 开始爬取 2023 年 广东 的历年分数线...
2025-06-25 16:11:09,071 - ERROR - 广东-2023 分数线爬取失败: 404 Client Error: Not Found for url: https://gaokao.chsi.com.cn/lqfs/search.do?year=2023&ssdm=44
2025-06-25 16:11:09,072 - INFO - 开始爬取 2023 年 江苏 的历年分数线...
2025-06-25 16:11:09,329 - ERROR - 江苏-2023 分数线爬取失败: 404 Client Error: Not Found for url: https://gaokao.chsi.com.cn/lqfs/search.do?year=2023&ssdm=32
2025-06-25 16:11:09,330 - INFO - 开始爬取 2023 年 浙江 的历年分数线...
2025-06-25 16:11:09,574 - ERROR - 浙江-2023 分数线爬取失败: 404 Client Error: Not Found for url: https://gaokao.chsi.com.cn/lqfs/search.do?year=2023&ssdm=33
2025-06-25 16:11:09,575 - INFO - 开始爬取 2023 年 山东 的历年分数线...
2025-06-25 16:11:09,758 - ERROR - 山东-2023 分数线爬取失败: 404 Client Error: Not Found for url: https://gaokao.chsi.com.cn/lqfs/search.do?year=2023&ssdm=37
2025-06-25 16:11:09,758 - INFO - 开始爬取 2023 年 河南 的历年分数线...
2025-06-25 16:11:10,050 - ERROR - 河南-2023 分数线爬取失败: 404 Client Error: Not Found for url: https://gaokao.chsi.com.cn/lqfs/search.do?year=2023&ssdm=41
2025-06-25 16:11:10,051 - INFO - 开始爬取 2023 年 四川 的历年分数线...
2025-06-25 16:11:10,213 - ERROR - 四川-2023 分数线爬取失败: 404 Client Error: Not Found for url: https://gaokao.chsi.com.cn/lqfs/search.do?year=2023&ssdm=51
2025-06-25 16:11:10,213 - INFO - 开始爬取 2023 年 湖北 的历年分数线...
2025-06-25 16:11:10,471 - ERROR - 湖北-2023 分数线爬取失败: 404 Client Error: Not Found for url: https://gaokao.chsi.com.cn/lqfs/search.do?year=2023&ssdm=42
2025-06-25 16:11:10,472 - INFO - 开始爬取 2023 年 湖南 的历年分数线...
2025-06-25 16:11:10,786 - ERROR - 湖南-2023 分数线爬取失败: 404 Client Error: Not Found for url: https://gaokao.chsi.com.cn/lqfs/search.do?year=2023&ssdm=43
2025-06-25 16:11:10,787 - INFO - 开始爬取招生章程...
2025-06-25 16:11:10,787 - INFO - 开始爬取院校ID 1 的招生章程...
2025-06-25 16:11:11,187 - INFO - 院校ID 1 招生章程爬取完成
2025-06-25 16:11:11,187 - INFO - 开始爬取院校ID 2 的招生章程...
2025-06-25 16:11:11,515 - INFO - 院校ID 2 招生章程爬取完成
2025-06-25 16:11:11,516 - INFO - 开始爬取院校ID 3 的招生章程...
2025-06-25 16:11:12,018 - INFO - 院校ID 3 招生章程爬取完成
2025-06-25 16:11:12,019 - INFO - 开始爬取院校ID 4 的招生章程...
2025-06-25 16:11:12,563 - INFO - 院校ID 4 招生章程爬取完成
2025-06-25 16:11:12,564 - INFO - 开始爬取院校ID 5 的招生章程...
2025-06-25 16:11:12,755 - ERROR - 爬取院校ID 5 招生章程时出错: 404 Client Error: Not Found for url: https://gaokao.chsi.com.cn/zsgs/zhangcheng/list.do?schoolid=5
2025-06-25 16:11:12,756 - INFO - 开始爬取院校ID 6 的招生章程...
2025-06-25 16:11:13,074 - INFO - 院校ID 6 招生章程爬取完成
2025-06-25 16:11:13,074 - INFO - 开始爬取院校ID 7 的招生章程...
2025-06-25 16:11:13,278 - ERROR - 爬取院校ID 7 招生章程时出错: 404 Client Error: Not Found for url: https://gaokao.chsi.com.cn/zsgs/zhangcheng/list.do?schoolid=7
2025-06-25 16:11:13,278 - INFO - 开始爬取院校ID 8 的招生章程...
2025-06-25 16:11:13,524 - ERROR - 爬取院校ID 8 招生章程时出错: 404 Client Error: Not Found for url: https://gaokao.chsi.com.cn/zsgs/zhangcheng/list.do?schoolid=8
2025-06-25 16:11:13,524 - INFO - 开始爬取院校ID 9 的招生章程...
2025-06-25 16:11:13,890 - INFO - 院校ID 9 招生章程爬取完成
2025-06-25 16:11:13,891 - INFO - 开始爬取院校ID 10 的招生章程...
2025-06-25 16:11:14,155 - ERROR - 爬取院校ID 10 招生章程时出错: 404 Client Error: Not Found for url: https://gaokao.chsi.com.cn/zsgs/zhangcheng/list.do?schoolid=10
2025-06-25 16:11:14,155 - INFO - 阳光高考平台数据爬取完成。
2025-06-25 16:11:14,155 - INFO - 启动省级考试院数据爬取...
2025-06-25 16:11:14,156 - INFO - 省级考试院数据爬取完成。
2025-06-25 16:11:14,156 - INFO - 加载第三方数据集...
2025-06-25 16:11:14,156 - INFO - 第三方数据集加载完成。
2025-06-25 16:11:14,156 - INFO - 【阶段1】原始数据爬取完成。
2025-06-25 16:11:14,156 - INFO - 【阶段2】开始清洗与合并数据...
2025-06-25 16:11:14,156 - INFO - 开始数据清洗与合并...
2025-06-25 16:11:14,159 - INFO - 开始合并数据集...
2025-06-25 16:11:14,159 - INFO - 开始标准化字段: school
2025-06-25 16:11:14,159 - ERROR - 标准化字段 school 时出错: 'school'
2025-06-25 16:11:14,159 - INFO - 开始标准化字段: school
2025-06-25 16:11:14,160 - ERROR - 标准化字段 school 时出错: 'school'
2025-06-25 16:11:14,162 - INFO - 数据集合并完成，最终数据量: 0 条记录
2025-06-25 16:11:14,162 - INFO - 开始数据验证...
2025-06-25 16:11:14,162 - INFO - 数据验证完成: {'total_records': 0, 'missing_values': {}, 'invalid_scores': 0, 'invalid_years': 0, 'duplicates': np.int64(0)}
2025-06-25 16:11:14,163 - INFO - 数据验证结果: {'total_records': 0, 'missing_values': {}, 'invalid_scores': 0, 'invalid_years': 0, 'duplicates': np.int64(0)}
2025-06-25 16:11:14,163 - INFO - 数据清洗与合并完成。
2025-06-25 16:11:14,163 - INFO - 【阶段2】数据清洗与合并完成。
2025-06-25 16:11:14,163 - INFO - 【阶段3】开始结构化存储数据...
2025-06-25 16:11:14,163 - ERROR - 【阶段3】没有数据可保存
2025-06-25 16:11:14,163 - INFO - 以 json 格式保存结构化数据到 data/raw/admission_rules.json
2025-06-25 16:11:14,164 - INFO - 数据已成功保存到: data/raw/admission_rules.json
2025-06-25 16:11:14,164 - INFO - ==================================================
2025-06-25 16:11:14,164 - INFO - 所有任务执行完毕
2025-06-25 16:11:14,164 - INFO - ==================================================
2025-06-25 16:33:06,196 - INFO - ==================================================
2025-06-25 16:33:06,196 - INFO - 高考数据采集与清洗流程启动
2025-06-25 16:33:06,196 - INFO - ==================================================
2025-06-25 16:33:06,196 - INFO - 【阶段1】开始爬取原始数据...
2025-06-25 16:33:06,196 - INFO - 启动阳光高考平台数据爬取...
2025-06-25 16:33:06,196 - INFO - 开始爬取院校库...
2025-06-25 16:33:06,196 - INFO - 开始爬取阳光高考院校库...
2025-06-25 16:33:06,214 - INFO - 正在爬取第 1 页院校数据...
2025-06-25 16:33:06,449 - INFO - 第 1 页未找到院校数据，可能已到达最后一页
2025-06-25 16:33:06,450 - INFO - 院校库爬取完成，共获取 0 所院校信息
2025-06-25 16:33:06,450 - INFO - 开始爬取专业库...
2025-06-25 16:33:06,450 - INFO - 开始爬取阳光高考专业库...
2025-06-25 16:33:06,450 - INFO - 正在爬取 工学 类专业...
2025-06-25 16:33:10,829 - INFO - 正在爬取 理学 类专业...
2025-06-25 16:33:15,401 - INFO - 正在爬取 文学 类专业...
2025-06-25 16:33:18,788 - INFO - 正在爬取 经济学 类专业...
2025-06-25 16:33:22,153 - INFO - 正在爬取 医学 类专业...
2025-06-25 16:33:26,625 - INFO - 正在爬取 其他 类专业...
2025-06-25 16:33:30,258 - INFO - 专业库爬取完成，共获取 0 个专业信息
2025-06-25 16:33:30,258 - INFO - 开始爬取历年分数线...
2025-06-25 16:33:30,258 - INFO - 开始爬取 2020 年 北京 的历年分数线...
2025-06-25 16:33:30,397 - ERROR - 北京-2020 分数线爬取失败: 404 Client Error: Not Found for url: https://gaokao.chsi.com.cn/lqfs/search.do?year=2020&ssdm=11
2025-06-25 16:33:30,397 - INFO - 开始爬取 2020 年 上海 的历年分数线...
2025-06-25 16:33:30,554 - ERROR - 上海-2020 分数线爬取失败: 404 Client Error: Not Found for url: https://gaokao.chsi.com.cn/lqfs/search.do?year=2020&ssdm=31
2025-06-25 16:33:30,555 - INFO - 开始爬取 2020 年 广东 的历年分数线...
2025-06-25 16:33:30,741 - ERROR - 广东-2020 分数线爬取失败: 404 Client Error: Not Found for url: https://gaokao.chsi.com.cn/lqfs/search.do?year=2020&ssdm=44
2025-06-25 16:33:30,742 - INFO - 开始爬取 2020 年 江苏 的历年分数线...
2025-06-25 16:33:30,899 - ERROR - 江苏-2020 分数线爬取失败: 404 Client Error: Not Found for url: https://gaokao.chsi.com.cn/lqfs/search.do?year=2020&ssdm=32
2025-06-25 16:33:30,900 - INFO - 开始爬取 2020 年 浙江 的历年分数线...
2025-06-25 16:33:31,072 - ERROR - 浙江-2020 分数线爬取失败: 404 Client Error: Not Found for url: https://gaokao.chsi.com.cn/lqfs/search.do?year=2020&ssdm=33
2025-06-25 16:33:31,073 - INFO - 开始爬取 2020 年 山东 的历年分数线...
2025-06-25 16:33:31,244 - ERROR - 山东-2020 分数线爬取失败: 404 Client Error: Not Found for url: https://gaokao.chsi.com.cn/lqfs/search.do?year=2020&ssdm=37
2025-06-25 16:33:31,244 - INFO - 开始爬取 2020 年 河南 的历年分数线...
2025-06-25 16:33:31,424 - ERROR - 河南-2020 分数线爬取失败: 404 Client Error: Not Found for url: https://gaokao.chsi.com.cn/lqfs/search.do?year=2020&ssdm=41
2025-06-25 16:33:31,425 - INFO - 开始爬取 2020 年 四川 的历年分数线...
2025-06-25 16:33:31,660 - ERROR - 四川-2020 分数线爬取失败: 404 Client Error: Not Found for url: https://gaokao.chsi.com.cn/lqfs/search.do?year=2020&ssdm=51
2025-06-25 16:33:31,661 - INFO - 开始爬取 2020 年 湖北 的历年分数线...
2025-06-25 16:33:31,841 - ERROR - 湖北-2020 分数线爬取失败: 404 Client Error: Not Found for url: https://gaokao.chsi.com.cn/lqfs/search.do?year=2020&ssdm=42
2025-06-25 16:33:31,841 - INFO - 开始爬取 2020 年 湖南 的历年分数线...
2025-06-25 16:33:32,038 - ERROR - 湖南-2020 分数线爬取失败: 404 Client Error: Not Found for url: https://gaokao.chsi.com.cn/lqfs/search.do?year=2020&ssdm=43
2025-06-25 16:33:32,039 - INFO - 开始爬取 2021 年 北京 的历年分数线...
2025-06-25 16:33:32,202 - ERROR - 北京-2021 分数线爬取失败: 404 Client Error: Not Found for url: https://gaokao.chsi.com.cn/lqfs/search.do?year=2021&ssdm=11
2025-06-25 16:33:32,203 - INFO - 开始爬取 2021 年 上海 的历年分数线...
2025-06-25 16:33:32,362 - ERROR - 上海-2021 分数线爬取失败: 404 Client Error: Not Found for url: https://gaokao.chsi.com.cn/lqfs/search.do?year=2021&ssdm=31
2025-06-25 16:33:32,363 - INFO - 开始爬取 2021 年 广东 的历年分数线...
2025-06-25 16:33:32,588 - ERROR - 广东-2021 分数线爬取失败: 404 Client Error: Not Found for url: https://gaokao.chsi.com.cn/lqfs/search.do?year=2021&ssdm=44
2025-06-25 16:33:32,589 - INFO - 开始爬取 2021 年 江苏 的历年分数线...
2025-06-25 16:33:33,251 - ERROR - 江苏-2021 分数线爬取失败: 404 Client Error: Not Found for url: https://gaokao.chsi.com.cn/lqfs/search.do?year=2021&ssdm=32
2025-06-25 16:33:33,252 - INFO - 开始爬取 2021 年 浙江 的历年分数线...
2025-06-25 16:33:33,515 - ERROR - 浙江-2021 分数线爬取失败: 404 Client Error: Not Found for url: https://gaokao.chsi.com.cn/lqfs/search.do?year=2021&ssdm=33
2025-06-25 16:33:33,516 - INFO - 开始爬取 2021 年 山东 的历年分数线...
2025-06-25 16:33:33,714 - ERROR - 山东-2021 分数线爬取失败: 404 Client Error: Not Found for url: https://gaokao.chsi.com.cn/lqfs/search.do?year=2021&ssdm=37
2025-06-25 16:33:33,715 - INFO - 开始爬取 2021 年 河南 的历年分数线...
2025-06-25 16:33:33,965 - ERROR - 河南-2021 分数线爬取失败: 404 Client Error: Not Found for url: https://gaokao.chsi.com.cn/lqfs/search.do?year=2021&ssdm=41
2025-06-25 16:33:33,966 - INFO - 开始爬取 2021 年 四川 的历年分数线...
2025-06-25 16:33:34,122 - ERROR - 四川-2021 分数线爬取失败: 404 Client Error: Not Found for url: https://gaokao.chsi.com.cn/lqfs/search.do?year=2021&ssdm=51
2025-06-25 16:33:34,123 - INFO - 开始爬取 2021 年 湖北 的历年分数线...
2025-06-25 16:33:34,274 - ERROR - 湖北-2021 分数线爬取失败: 404 Client Error: Not Found for url: https://gaokao.chsi.com.cn/lqfs/search.do?year=2021&ssdm=42
2025-06-25 16:33:34,275 - INFO - 开始爬取 2021 年 湖南 的历年分数线...
2025-06-25 16:33:34,437 - ERROR - 湖南-2021 分数线爬取失败: 404 Client Error: Not Found for url: https://gaokao.chsi.com.cn/lqfs/search.do?year=2021&ssdm=43
2025-06-25 16:33:34,437 - INFO - 开始爬取 2022 年 北京 的历年分数线...
2025-06-25 16:33:34,798 - ERROR - 北京-2022 分数线爬取失败: 404 Client Error: Not Found for url: https://gaokao.chsi.com.cn/lqfs/search.do?year=2022&ssdm=11
2025-06-25 16:33:34,798 - INFO - 开始爬取 2022 年 上海 的历年分数线...
2025-06-25 16:33:35,390 - ERROR - 上海-2022 分数线爬取失败: 404 Client Error: Not Found for url: https://gaokao.chsi.com.cn/lqfs/search.do?year=2022&ssdm=31
2025-06-25 16:33:35,391 - INFO - 开始爬取 2022 年 广东 的历年分数线...
2025-06-25 16:33:35,551 - ERROR - 广东-2022 分数线爬取失败: 404 Client Error: Not Found for url: https://gaokao.chsi.com.cn/lqfs/search.do?year=2022&ssdm=44
2025-06-25 16:33:35,552 - INFO - 开始爬取 2022 年 江苏 的历年分数线...
2025-06-25 16:33:35,774 - ERROR - 江苏-2022 分数线爬取失败: 404 Client Error: Not Found for url: https://gaokao.chsi.com.cn/lqfs/search.do?year=2022&ssdm=32
2025-06-25 16:33:35,774 - INFO - 开始爬取 2022 年 浙江 的历年分数线...
2025-06-25 16:33:35,946 - ERROR - 浙江-2022 分数线爬取失败: 404 Client Error: Not Found for url: https://gaokao.chsi.com.cn/lqfs/search.do?year=2022&ssdm=33
2025-06-25 16:33:35,946 - INFO - 开始爬取 2022 年 山东 的历年分数线...
2025-06-25 16:33:36,099 - ERROR - 山东-2022 分数线爬取失败: 404 Client Error: Not Found for url: https://gaokao.chsi.com.cn/lqfs/search.do?year=2022&ssdm=37
2025-06-25 16:33:36,100 - INFO - 开始爬取 2022 年 河南 的历年分数线...
2025-06-25 16:33:36,269 - ERROR - 河南-2022 分数线爬取失败: 404 Client Error: Not Found for url: https://gaokao.chsi.com.cn/lqfs/search.do?year=2022&ssdm=41
2025-06-25 16:33:36,269 - INFO - 开始爬取 2022 年 四川 的历年分数线...
2025-06-25 16:33:36,409 - ERROR - 四川-2022 分数线爬取失败: 404 Client Error: Not Found for url: https://gaokao.chsi.com.cn/lqfs/search.do?year=2022&ssdm=51
2025-06-25 16:33:36,410 - INFO - 开始爬取 2022 年 湖北 的历年分数线...
2025-06-25 16:33:36,562 - ERROR - 湖北-2022 分数线爬取失败: 404 Client Error: Not Found for url: https://gaokao.chsi.com.cn/lqfs/search.do?year=2022&ssdm=42
2025-06-25 16:33:36,562 - INFO - 开始爬取 2022 年 湖南 的历年分数线...
2025-06-25 16:33:36,732 - ERROR - 湖南-2022 分数线爬取失败: 404 Client Error: Not Found for url: https://gaokao.chsi.com.cn/lqfs/search.do?year=2022&ssdm=43
2025-06-25 16:33:36,732 - INFO - 开始爬取 2023 年 北京 的历年分数线...
2025-06-25 16:33:36,920 - ERROR - 北京-2023 分数线爬取失败: 404 Client Error: Not Found for url: https://gaokao.chsi.com.cn/lqfs/search.do?year=2023&ssdm=11
2025-06-25 16:33:36,920 - INFO - 开始爬取 2023 年 上海 的历年分数线...
2025-06-25 16:33:37,202 - ERROR - 上海-2023 分数线爬取失败: 404 Client Error: Not Found for url: https://gaokao.chsi.com.cn/lqfs/search.do?year=2023&ssdm=31
2025-06-25 16:33:37,203 - INFO - 开始爬取 2023 年 广东 的历年分数线...
2025-06-25 16:33:37,355 - ERROR - 广东-2023 分数线爬取失败: 404 Client Error: Not Found for url: https://gaokao.chsi.com.cn/lqfs/search.do?year=2023&ssdm=44
2025-06-25 16:33:37,355 - INFO - 开始爬取 2023 年 江苏 的历年分数线...
2025-06-25 16:33:37,531 - ERROR - 江苏-2023 分数线爬取失败: 404 Client Error: Not Found for url: https://gaokao.chsi.com.cn/lqfs/search.do?year=2023&ssdm=32
2025-06-25 16:33:37,532 - INFO - 开始爬取 2023 年 浙江 的历年分数线...
2025-06-25 16:33:37,707 - ERROR - 浙江-2023 分数线爬取失败: 404 Client Error: Not Found for url: https://gaokao.chsi.com.cn/lqfs/search.do?year=2023&ssdm=33
2025-06-25 16:33:37,708 - INFO - 开始爬取 2023 年 山东 的历年分数线...
2025-06-25 16:33:37,957 - ERROR - 山东-2023 分数线爬取失败: 404 Client Error: Not Found for url: https://gaokao.chsi.com.cn/lqfs/search.do?year=2023&ssdm=37
2025-06-25 16:33:37,958 - INFO - 开始爬取 2023 年 河南 的历年分数线...
2025-06-25 16:33:38,114 - ERROR - 河南-2023 分数线爬取失败: 404 Client Error: Not Found for url: https://gaokao.chsi.com.cn/lqfs/search.do?year=2023&ssdm=41
2025-06-25 16:33:38,114 - INFO - 开始爬取 2023 年 四川 的历年分数线...
2025-06-25 16:33:38,275 - ERROR - 四川-2023 分数线爬取失败: 404 Client Error: Not Found for url: https://gaokao.chsi.com.cn/lqfs/search.do?year=2023&ssdm=51
2025-06-25 16:33:38,276 - INFO - 开始爬取 2023 年 湖北 的历年分数线...
2025-06-25 16:33:38,519 - ERROR - 湖北-2023 分数线爬取失败: 404 Client Error: Not Found for url: https://gaokao.chsi.com.cn/lqfs/search.do?year=2023&ssdm=42
2025-06-25 16:33:38,520 - INFO - 开始爬取 2023 年 湖南 的历年分数线...
2025-06-25 16:33:38,782 - ERROR - 湖南-2023 分数线爬取失败: 404 Client Error: Not Found for url: https://gaokao.chsi.com.cn/lqfs/search.do?year=2023&ssdm=43
2025-06-25 16:33:38,782 - INFO - 开始爬取招生章程...
2025-06-25 16:33:38,783 - INFO - 开始爬取院校ID 1 的招生章程...
2025-06-25 16:33:39,140 - ERROR - 爬取院校ID 1 招生章程时出错: 404 Client Error: Not Found for url: https://gaokao.chsi.com.cn/zsgs/zhangcheng/list.do?schoolid=1
2025-06-25 16:33:39,141 - INFO - 开始爬取院校ID 2 的招生章程...
2025-06-25 16:33:39,478 - INFO - 院校ID 2 招生章程爬取完成
2025-06-25 16:33:39,479 - INFO - 开始爬取院校ID 3 的招生章程...
2025-06-25 16:33:39,739 - INFO - 院校ID 3 招生章程爬取完成
2025-06-25 16:33:39,740 - INFO - 开始爬取院校ID 4 的招生章程...
2025-06-25 16:33:40,079 - INFO - 院校ID 4 招生章程爬取完成
2025-06-25 16:33:40,079 - INFO - 开始爬取院校ID 5 的招生章程...
2025-06-25 16:33:40,320 - INFO - 院校ID 5 招生章程爬取完成
2025-06-25 16:33:40,320 - INFO - 开始爬取院校ID 6 的招生章程...
2025-06-25 16:33:40,557 - INFO - 院校ID 6 招生章程爬取完成
2025-06-25 16:33:40,557 - INFO - 开始爬取院校ID 7 的招生章程...
2025-06-25 16:33:40,791 - INFO - 院校ID 7 招生章程爬取完成
2025-06-25 16:33:40,791 - INFO - 开始爬取院校ID 8 的招生章程...
2025-06-25 16:33:41,222 - INFO - 院校ID 8 招生章程爬取完成
2025-06-25 16:33:41,222 - INFO - 开始爬取院校ID 9 的招生章程...
2025-06-25 16:33:41,524 - INFO - 院校ID 9 招生章程爬取完成
2025-06-25 16:33:41,524 - INFO - 开始爬取院校ID 10 的招生章程...
2025-06-25 16:33:41,741 - INFO - 院校ID 10 招生章程爬取完成
2025-06-25 16:33:41,742 - INFO - 阳光高考平台数据爬取完成。
2025-06-25 16:33:41,742 - INFO - 启动省级考试院数据爬取...
2025-06-25 16:33:41,742 - INFO - 省级考试院数据爬取完成。
2025-06-25 16:33:41,742 - INFO - 加载第三方数据集...
2025-06-25 16:33:41,742 - INFO - 第三方数据集加载完成。
2025-06-25 16:33:41,742 - INFO - 【阶段1】原始数据爬取完成。
2025-06-25 16:33:41,742 - INFO - 【阶段2】开始清洗与合并数据...
2025-06-25 16:33:41,742 - INFO - 开始数据清洗与合并...
2025-06-25 16:33:41,744 - INFO - 开始合并数据集...
2025-06-25 16:33:41,744 - INFO - 开始标准化字段: school
2025-06-25 16:33:41,744 - ERROR - 标准化字段 school 时出错: 'school'
2025-06-25 16:33:41,744 - INFO - 开始标准化字段: school
2025-06-25 16:33:41,744 - ERROR - 标准化字段 school 时出错: 'school'
2025-06-25 16:33:41,745 - INFO - 数据集合并完成，最终数据量: 0 条记录
2025-06-25 16:33:41,745 - INFO - 开始数据验证...
2025-06-25 16:33:41,746 - INFO - 数据验证完成: {'total_records': 0, 'missing_values': {}, 'invalid_scores': 0, 'invalid_years': 0, 'duplicates': np.int64(0)}
2025-06-25 16:33:41,746 - INFO - 数据验证结果: {'total_records': 0, 'missing_values': {}, 'invalid_scores': 0, 'invalid_years': 0, 'duplicates': np.int64(0)}
2025-06-25 16:33:41,746 - INFO - 数据清洗与合并完成。
2025-06-25 16:33:41,746 - INFO - 【阶段2】数据清洗与合并完成。
2025-06-25 16:33:41,746 - INFO - 【阶段3】开始结构化存储数据...
2025-06-25 16:33:41,746 - ERROR - 【阶段3】没有数据可保存
2025-06-25 16:33:41,746 - INFO - 以 json 格式保存结构化数据到 data/raw/admission_rules.json
2025-06-25 16:33:41,746 - INFO - 数据已成功保存到: data/raw/admission_rules.json
2025-06-25 16:33:41,746 - INFO - ==================================================
2025-06-25 16:33:41,746 - INFO - 所有任务执行完毕
2025-06-25 16:33:41,746 - INFO - ==================================================
